<?xml version="1.0" encoding="UTF-8"?>
<!-- Generated by org.testng.reporters.JUnitXMLReporter -->
<testsuite hostname="Kamini" ignored="0" name="Command line test" tests="26" failures="5" timestamp="2023-07-18T10:36:25 BST" time="8.542" errors="0">
  <testcase name="test1" time="0.001" classname="com.nopcommerce.demo.testng.TestNGDemo"/>
  <testcase name="test2" time="0.001" classname="com.nopcommerce.demo.testng.TestNGDemo"/>
  <testcase name="loginTest1" time="0.0" classname="com.nopcommerce.demo.testng.TestNGGrouping"/>
  <testcase name="loginTest2" time="0.001" classname="com.nopcommerce.demo.testng.TestNGGrouping"/>
  <testcase name="loginTest3" time="0.0" classname="com.nopcommerce.demo.testng.TestNGGrouping"/>
  <testcase name="loginTest4" time="0.0" classname="com.nopcommerce.demo.testng.TestNGGrouping"/>
  <testcase name="regressionTest1" time="0.001" classname="com.nopcommerce.demo.testng.TestNGGrouping"/>
  <testcase name="regressionTest2" time="0.0" classname="com.nopcommerce.demo.testng.TestNGGrouping"/>
  <testcase name="regressionTest3" time="0.0" classname="com.nopcommerce.demo.testng.TestNGGrouping"/>
  <testcase name="test1" time="0.0" classname="com.nopcommerce.demo.testng.TestNGListenersDemo"/>
  <testcase name="test2" time="0.002" classname="com.nopcommerce.demo.testng.TestNGListenersDemo">
    <failure type="java.lang.AssertionError" message="null">
      <![CDATA[java.lang.AssertionError: null
at com.nopcommerce.demo.testng.TestNGListenersDemo.test2(TestNGListenersDemo.java:22)
at java.util.ArrayList.forEach(ArrayList.java:1249)
... Removed 39 stack frames]]>
    </failure>
  </testcase> <!-- test2 -->
  <testcase name="test3" time="0.0" classname="com.nopcommerce.demo.testng.TestNGListenersDemo">
    <skipped/>
  </testcase> <!-- test3 -->
  <testcase name="test" time="0.0" classname="com.nopcommerce.demo.testng.TestNGParameterDemo">
    <failure type="org.testng.TestNGException" message="
Parameter &amp;apos;surname&amp;apos; is required by @Test on method test but has not been marked @Optional or defined
">
      <![CDATA[org.testng.TestNGException: 
Parameter 'surname' is required by @Test on method test but has not been marked @Optional or defined

at java.util.ArrayList.forEach(ArrayList.java:1249)
... Removed 36 stack frames]]>
    </failure>
  </testcase> <!-- test -->
  <testcase name="test" time="0.0" classname="com.nopcommerce.demo.testng.TestNGPriority"/>
  <testcase name="test2" time="0.0" classname="com.nopcommerce.demo.testng.TestNGPriority"/>
  <testcase name="test1" time="0.0" classname="com.nopcommerce.demo.testng.TestNGPriority"/>
  <testcase name="test1" time="0.0" classname="com.nopcommerce.demo.testng.TestNGRetryFailedDemo"/>
  <testcase name="test2" time="0.001" classname="com.nopcommerce.demo.testng.TestNGRetryFailedDemo"/>
  <testcase name="test3" time="0.001" classname="com.nopcommerce.demo.testng.TestNGRetryFailedDemo">
    <skipped/>
  </testcase> <!-- test3 -->
  <testcase name="test3" time="0.0" classname="com.nopcommerce.demo.testng.TestNGRetryFailedDemo">
    <skipped/>
  </testcase> <!-- test3 -->
  <testcase name="test3" time="0.0" classname="com.nopcommerce.demo.testng.TestNGRetryFailedDemo">
    <skipped/>
  </testcase> <!-- test3 -->
  <testcase name="test3" time="0.001" classname="com.nopcommerce.demo.testng.TestNGRetryFailedDemo">
    <failure type="java.lang.AssertionError" message="expected [true] but found [false]">
      <![CDATA[java.lang.AssertionError: expected [true] but found [false]
at com.nopcommerce.demo.testng.TestNGRetryFailedDemo.test3(TestNGRetryFailedDemo.java:24)
at java.util.ArrayList.forEach(ArrayList.java:1249)
... Removed 41 stack frames]]>
    </failure>
  </testcase> <!-- test3 -->
  <testcase name="hardAssertExample" time="0.0" classname="com.nopcommerce.demo.testng.TestNGSoftAssert">
    <failure type="java.lang.AssertionError" message="expected [true] but found [false]">
      <![CDATA[java.lang.AssertionError: expected [true] but found [false]
at com.nopcommerce.demo.testng.TestNGSoftAssert.hardAssertExample(TestNGSoftAssert.java:18)
at java.util.ArrayList.forEach(ArrayList.java:1249)
... Removed 41 stack frames]]>
    </failure>
  </testcase> <!-- hardAssertExample -->
  <testcase name="softAssertExample" time="0.002" classname="com.nopcommerce.demo.testng.TestNGSoftAssert">
    <failure type="java.lang.AssertionError" message="The following asserts failed:
	First Assert expected [true] but found [false]">
      <![CDATA[java.lang.AssertionError: The following asserts failed:
First Assert expected [true] but found [false]
at com.nopcommerce.demo.testng.TestNGSoftAssert.softAssertExample(TestNGSoftAssert.java:35)
at java.util.ArrayList.forEach(ArrayList.java:1249)
... Removed 39 stack frames]]>
    </failure>
  </testcase> <!-- softAssertExample -->
  <testcase name="verifyErrorMessageWithInvalidCredentials" time="1.566" classname="com.nopcommerce.demo.testsuite.LoginPageTest"/>
  <testcase name="verifyUserShouldNavigateToLoginPageSuccessfully" time="0.713" classname="com.nopcommerce.demo.testsuite.LoginPageTest"/>
</testsuite> <!-- Command line test -->
